2026-05-31T00:00:03.137+04:00  INFO 26956 --- [cinema-api] [http-nio-8080-exec-1] com.cinema.api.aspect.LoggerAspect       : 2026-05-31 00:00:03 | ВЫЗОВ МЕТОДА | ProductService.getExpiredProductNames() | Аргументы: []
2026-05-31T00:00:03.137+04:00  INFO 26956 --- [cinema-api] [http-nio-8080-exec-5] com.cinema.api.aspect.LoggerAspect       : 2026-05-31 00:00:03 | ВЫЗОВ МЕТОДА | AuthService.getProfile() | Аргументы: [1]
2026-05-31T00:00:03.145+04:00  INFO 26956 --- [cinema-api] [http-nio-8080-exec-1] com.cinema.api.aspect.LoggerAspect       : 2026-05-31 00:00:03 | УСПЕШНОЕ ВЫПОЛНЕНИЕ | ProductService.getExpiredProductNames() | Результат: [Просто чипсы, Просто чипсы 2, Чипс]
2026-05-31T00:00:03.146+04:00  INFO 26956 --- [cinema-api] [http-nio-8080-exec-5] com.cinema.api.aspect.LoggerAspect       : 2026-05-31 00:00:03 | УСПЕШНОЕ ВЫПОЛНЕНИЕ | AuthService.getProfile() | Результат: com.cinema.api.dto.ProfileRs@34ef4b1b
2026-05-31T00:00:03.146+04:00  INFO 26956 --- [cinema-api] [http-nio-8080-exec-1] com.cinema.api.aspect.LoggerAspect       : 2026-05-31 00:00:03 | ВЫЗОВ МЕТОДА | ProductService.getExpiringSoonProductNames() | Аргументы: [3]
2026-05-31T00:00:03.149+04:00  INFO 26956 --- [cinema-api] [http-nio-8080-exec-1] com.cinema.api.aspect.LoggerAspect       : 2026-05-31 00:00:03 | УСПЕШНОЕ ВЫПОЛНЕНИЕ | ProductService.getExpiringSoonProductNames() | Результат: [Попкорн сладкий]
2026-05-31T00:00:03.149+04:00  INFO 26956 --- [cinema-api] [http-nio-8080-exec-1] com.cinema.api.aspect.LoggerAspect       : 2026-05-31 00:00:03 | ВЫЗОВ МЕТОДА | RemainsService.getLowStockProductNames() | Аргументы: [5]
2026-05-31T00:00:03.151+04:00  INFO 26956 --- [cinema-api] [http-nio-8080-exec-1] com.cinema.api.aspect.LoggerAspect       : 2026-05-31 00:00:03 | УСПЕШНОЕ ВЫПОЛНЕНИЕ | RemainsService.getLowStockProductNames() | Результат: [Минеральная вода (остаток: 1 шт)]
2026-05-31T00:00:03.155+04:00  INFO 26956 --- [cinema-api] [http-nio-8080-exec-3] com.cinema.api.aspect.LoggerAspect       : 2026-05-31 00:00:03 | ВЫЗОВ МЕТОДА | AuthService.getProfile() | Аргументы: [1]
2026-05-31T00:00:03.156+04:00  INFO 26956 --- [cinema-api] [http-nio-8080-exec-3] com.cinema.api.aspect.LoggerAspect       : 2026-05-31 00:00:03 | УСПЕШНОЕ ВЫПОЛНЕНИЕ | AuthService.getProfile() | Результат: com.cinema.api.dto.ProfileRs@5cdda256
2026-05-31T00:00:03.162+04:00  INFO 26956 --- [cinema-api] [http-nio-8080-exec-4] com.cinema.api.aspect.LoggerAspect       : 2026-05-31 00:00:03 | ВЫЗОВ МЕТОДА | ProductService.getExpiredProductNames() | Аргументы: []
2026-05-31T00:00:03.164+04:00  INFO 26956 --- [cinema-api] [http-nio-8080-exec-4] com.cinema.api.aspect.LoggerAspect       : 2026-05-31 00:00:03 | УСПЕШНОЕ ВЫПОЛНЕНИЕ | ProductService.getExpiredProductNames() | Результат: [Просто чипсы, Просто чипсы 2, Чипс]
2026-05-31T00:00:03.164+04:00  INFO 26956 --- [cinema-api] [http-nio-8080-exec-4] com.cinema.api.aspect.LoggerAspect       : 2026-05-31 00:00:03 | ВЫЗОВ МЕТОДА | ProductService.getExpiringSoonProductNames() | Аргументы: [3]
2026-05-31T00:00:03.166+04:00  INFO 26956 --- [cinema-api] [http-nio-8080-exec-4] com.cinema.api.aspect.LoggerAspect       : 2026-05-31 00:00:03 | УСПЕШНОЕ ВЫПОЛНЕНИЕ | ProductService.getExpiringSoonProductNames() | Результат: [Попкорн сладкий]
2026-05-31T00:00:03.166+04:00  INFO 26956 --- [cinema-api] [http-nio-8080-exec-4] com.cinema.api.aspect.LoggerAspect       : 2026-05-31 00:00:03 | ВЫЗОВ МЕТОДА | RemainsService.getLowStockProductNames() | Аргументы: [5]
2026-05-31T00:00:03.168+04:00  INFO 26956 --- [cinema-api] [http-nio-8080-exec-4] com.cinema.api.aspect.LoggerAspect       : 2026-05-31 00:00:03 | УСПЕШНОЕ ВЫПОЛНЕНИЕ | RemainsService.getLowStockProductNames() | Результат: [Минеральная вода (остаток: 1 шт)]
2026-05-31T00:00:29.918+04:00  INFO 26956 --- [cinema-api] [http-nio-8080-exec-2] com.cinema.api.aspect.LoggerAspect       : 2026-05-31 00:00:29 | ВЫЗОВ МЕТОДА | ProductService.getAll() | Аргументы: [Page request [number: 0, size 10, sort: UNSORTED]]
2026-05-31T00:00:29.923+04:00  INFO 26956 --- [cinema-api] [http-nio-8080-exec-2] com.cinema.api.aspect.LoggerAspect       : 2026-05-31 00:00:29 | УСПЕШНОЕ ВЫПОЛНЕНИЕ | ProductService.getAll() | Результат: Page 1 of 2 containing com.cinema.api.dto.ProductRs instances
2026-05-31T00:00:29.935+04:00  INFO 26956 --- [cinema-api] [http-nio-8080-exec-10] com.cinema.api.aspect.LoggerAspect       : 2026-05-31 00:00:29 | ВЫЗОВ МЕТОДА | ProductService.getAll() | Аргументы: [Page request [number: 0, size 10, sort: UNSORTED]]
2026-05-31T00:00:29.940+04:00  INFO 26956 --- [cinema-api] [http-nio-8080-exec-10] com.cinema.api.aspect.LoggerAspect       : 2026-05-31 00:00:29 | УСПЕШНОЕ ВЫПОЛНЕНИЕ | ProductService.getAll() | Результат: Page 1 of 2 containing com.cinema.api.dto.ProductRs instances
2026-05-31T00:01:00.606+04:00  INFO 26956 --- [cinema-api] [http-nio-8080-exec-9] com.cinema.api.aspect.LoggerAspect       : 2026-05-31 00:01:00 | ВЫЗОВ МЕТОДА | AuthService.getProfile() | Аргументы: [1]
2026-05-31T00:01:00.610+04:00  INFO 26956 --- [cinema-api] [http-nio-8080-exec-9] com.cinema.api.aspect.LoggerAspect       : 2026-05-31 00:01:00 | УСПЕШНОЕ ВЫПОЛНЕНИЕ | AuthService.getProfile() | Результат: com.cinema.api.dto.ProfileRs@76e0208b
2026-05-31T00:01:00.613+04:00  INFO 26956 --- [cinema-api] [http-nio-8080-exec-6] com.cinema.api.aspect.LoggerAspect       : 2026-05-31 00:01:00 | ВЫЗОВ МЕТОДА | ProductService.getExpiredProductNames() | Аргументы: []
2026-05-31T00:01:00.618+04:00  INFO 26956 --- [cinema-api] [http-nio-8080-exec-6] com.cinema.api.aspect.LoggerAspect       : 2026-05-31 00:01:00 | УСПЕШНОЕ ВЫПОЛНЕНИЕ | ProductService.getExpiredProductNames() | Результат: [Просто чипсы, Просто чипсы 2, Чипс]
2026-05-31T00:01:00.618+04:00  INFO 26956 --- [cinema-api] [http-nio-8080-exec-6] com.cinema.api.aspect.LoggerAspect       : 2026-05-31 00:01:00 | ВЫЗОВ МЕТОДА | ProductService.getExpiringSoonProductNames() | Аргументы: [3]
2026-05-31T00:01:00.620+04:00  INFO 26956 --- [cinema-api] [http-nio-8080-exec-8] com.cinema.api.aspect.LoggerAspect       : 2026-05-31 00:01:00 | ВЫЗОВ МЕТОДА | AuthService.getProfile() | Аргументы: [1]
2026-05-31T00:01:00.621+04:00  INFO 26956 --- [cinema-api] [http-nio-8080-exec-8] com.cinema.api.aspect.LoggerAspect       : 2026-05-31 00:01:00 | УСПЕШНОЕ ВЫПОЛНЕНИЕ | AuthService.getProfile() | Результат: com.cinema.api.dto.ProfileRs@79eff0d4
2026-05-31T00:01:00.621+04:00  INFO 26956 --- [cinema-api] [http-nio-8080-exec-6] com.cinema.api.aspect.LoggerAspect       : 2026-05-31 00:01:00 | УСПЕШНОЕ ВЫПОЛНЕНИЕ | ProductService.getExpiringSoonProductNames() | Результат: [Попкорн сладкий]
2026-05-31T00:01:00.621+04:00  INFO 26956 --- [cinema-api] [http-nio-8080-exec-6] com.cinema.api.aspect.LoggerAspect       : 2026-05-31 00:01:00 | ВЫЗОВ МЕТОДА | RemainsService.getLowStockProductNames() | Аргументы: [5]
2026-05-31T00:01:00.630+04:00  INFO 26956 --- [cinema-api] [http-nio-8080-exec-6] com.cinema.api.aspect.LoggerAspect       : 2026-05-31 00:01:00 | УСПЕШНОЕ ВЫПОЛНЕНИЕ | RemainsService.getLowStockProductNames() | Результат: [Минеральная вода (остаток: 1 шт)]
2026-05-31T00:01:00.638+04:00  INFO 26956 --- [cinema-api] [http-nio-8080-exec-7] com.cinema.api.aspect.LoggerAspect       : 2026-05-31 00:01:00 | ВЫЗОВ МЕТОДА | ProductService.getExpiredProductNames() | Аргументы: []
2026-05-31T00:01:00.641+04:00  INFO 26956 --- [cinema-api] [http-nio-8080-exec-7] com.cinema.api.aspect.LoggerAspect       : 2026-05-31 00:01:00 | УСПЕШНОЕ ВЫПОЛНЕНИЕ | ProductService.getExpiredProductNames() | Результат: [Просто чипсы, Просто чипсы 2, Чипс]
2026-05-31T00:01:00.642+04:00  INFO 26956 --- [cinema-api] [http-nio-8080-exec-7] com.cinema.api.aspect.LoggerAspect       : 2026-05-31 00:01:00 | ВЫЗОВ МЕТОДА | ProductService.getExpiringSoonProductNames() | Аргументы: [3]
2026-05-31T00:01:00.644+04:00  INFO 26956 --- [cinema-api] [http-nio-8080-exec-7] com.cinema.api.aspect.LoggerAspect       : 2026-05-31 00:01:00 | УСПЕШНОЕ ВЫПОЛНЕНИЕ | ProductService.getExpiringSoonProductNames() | Результат: [Попкорн сладкий]
2026-05-31T00:01:00.644+04:00  INFO 26956 --- [cinema-api] [http-nio-8080-exec-7] com.cinema.api.aspect.LoggerAspect       : 2026-05-31 00:01:00 | ВЫЗОВ МЕТОДА | RemainsService.getLowStockProductNames() | Аргументы: [5]
2026-05-31T00:01:00.647+04:00  INFO 26956 --- [cinema-api] [http-nio-8080-exec-7] com.cinema.api.aspect.LoggerAspect       : 2026-05-31 00:01:00 | УСПЕШНОЕ ВЫПОЛНЕНИЕ | RemainsService.getLowStockProductNames() | Результат: [Минеральная вода (остаток: 1 шт)]
2026-05-31T00:04:08.267+04:00  INFO 26956 --- [cinema-api] [http-nio-8080-exec-5] com.cinema.api.aspect.LoggerAspect       : 2026-05-31 00:04:08 | ВЫЗОВ МЕТОДА | MerchandiseService.getAll() | Аргументы: []
2026-05-31T00:04:08.267+04:00  INFO 26956 --- [cinema-api] [http-nio-8080-exec-3] com.cinema.api.aspect.LoggerAspect       : 2026-05-31 00:04:08 | ВЫЗОВ МЕТОДА | ComboService.getAll() | Аргументы: []
2026-05-31T00:04:08.273+04:00  INFO 26956 --- [cinema-api] [http-nio-8080-exec-1] com.cinema.api.aspect.LoggerAspect       : 2026-05-31 00:04:08 | ВЫЗОВ МЕТОДА | ReceiptService.getAll() | Аргументы: [Page request [number: 0, size 10, sort: date: DESC]]
2026-05-31T00:04:08.277+04:00  INFO 26956 --- [cinema-api] [http-nio-8080-exec-5] com.cinema.api.aspect.LoggerAspect       : 2026-05-31 00:04:08 | УСПЕШНОЕ ВЫПОЛНЕНИЕ | MerchandiseService.getAll() | Результат: [com.cinema.api.dto.MerchandiseRs@130b9633, com.cinema.api.dto.MerchandiseRs@3dc47585, com.cinema.api.dto.MerchandiseRs@15a6dc5c, com.cinema.api.dto.MerchandiseRs@7bbf9184, com.cinema.api.dto.MerchandiseRs@344a2ace, com.cinema.api.dto.MerchandiseRs@2abc199f, com.cinema.api.dto.MerchandiseRs@9db74a8, com.cinema.api.dto.MerchandiseRs@e6fe7a6, com.cinema.api.dto.MerchandiseRs@6b16a0ff, com.cinema.api.dto.MerchandiseRs@212c3ce3, com.cinema.api.dto.MerchandiseRs@7300725a, com.cinema.api.dto.MerchandiseRs@223f94b, com.cinema.api.dto.MerchandiseRs@5cecb0a8, com.cinema.api.dto.MerchandiseRs@1c6744f2, com.cinema.api.dto.MerchandiseRs@6c856786, com.cinema.api.dto.MerchandiseRs@717132fc, com.cinema.api.dto.MerchandiseRs@48a1b58a]
2026-05-31T00:04:08.288+04:00  INFO 26956 --- [cinema-api] [http-nio-8080-exec-4] com.cinema.api.aspect.LoggerAspect       : 2026-05-31 00:04:08 | ВЫЗОВ МЕТОДА | MerchandiseService.getAll() | Аргументы: []
2026-05-31T00:04:08.291+04:00  INFO 26956 --- [cinema-api] [http-nio-8080-exec-3] com.cinema.api.aspect.LoggerAspect       : 2026-05-31 00:04:08 | УСПЕШНОЕ ВЫПОЛНЕНИЕ | ComboService.getAll() | Результат: [com.cinema.api.dto.ComboRs@7e10b8a4, com.cinema.api.dto.ComboRs@76d9a444, com.cinema.api.dto.ComboRs@761cb366, com.cinema.api.dto.ComboRs@42d9f304, com.cinema.api.dto.ComboRs@39f7a663, com.cinema.api.dto.ComboRs@2b7de9d, com.cinema.api.dto.ComboRs@11a3ca2e, com.cinema.api.dto.ComboRs@1cef5acd, com.cinema.api.dto.ComboRs@18af238d, com.cinema.api.dto.ComboRs@24d04533, com.cinema.api.dto.ComboRs@2b2d193d, com.cinema.api.dto.ComboRs@4d7207a7, com.cinema.api.dto.ComboRs@2c20e6cf, com.cinema.api.dto.ComboRs@affc7a5]
2026-05-31T00:04:08.291+04:00  INFO 26956 --- [cinema-api] [http-nio-8080-exec-4] com.cinema.api.aspect.LoggerAspect       : 2026-05-31 00:04:08 | УСПЕШНОЕ ВЫПОЛНЕНИЕ | MerchandiseService.getAll() | Результат: [com.cinema.api.dto.MerchandiseRs@21c9e1c4, com.cinema.api.dto.MerchandiseRs@5d82ec2, com.cinema.api.dto.MerchandiseRs@198d5222, com.cinema.api.dto.MerchandiseRs@3d48028e, com.cinema.api.dto.MerchandiseRs@53611322, com.cinema.api.dto.MerchandiseRs@170b89b2, com.cinema.api.dto.MerchandiseRs@6464c533, com.cinema.api.dto.MerchandiseRs@19c5f743, com.cinema.api.dto.MerchandiseRs@42660f5a, com.cinema.api.dto.MerchandiseRs@9eb58bd, com.cinema.api.dto.MerchandiseRs@4b6459ee, com.cinema.api.dto.MerchandiseRs@7d2dc02e, com.cinema.api.dto.MerchandiseRs@f430c0e, com.cinema.api.dto.MerchandiseRs@5cbe93eb, com.cinema.api.dto.MerchandiseRs@357c0abb, com.cinema.api.dto.MerchandiseRs@2643808a, com.cinema.api.dto.MerchandiseRs@3177cb30]
2026-05-31T00:04:08.305+04:00  INFO 26956 --- [cinema-api] [http-nio-8080-exec-2] com.cinema.api.aspect.LoggerAspect       : 2026-05-31 00:04:08 | ВЫЗОВ МЕТОДА | ComboService.getAll() | Аргументы: []
2026-05-31T00:04:08.319+04:00  INFO 26956 --- [cinema-api] [http-nio-8080-exec-1] com.cinema.api.aspect.LoggerAspect       : 2026-05-31 00:04:08 | УСПЕШНОЕ ВЫПОЛНЕНИЕ | ReceiptService.getAll() | Результат: Page 1 of 3 containing com.cinema.api.dto.ReceiptRs instances
2026-05-31T00:04:08.322+04:00  INFO 26956 --- [cinema-api] [http-nio-8080-exec-2] com.cinema.api.aspect.LoggerAspect       : 2026-05-31 00:04:08 | УСПЕШНОЕ ВЫПОЛНЕНИЕ | ComboService.getAll() | Результат: [com.cinema.api.dto.ComboRs@c4b05ac, com.cinema.api.dto.ComboRs@7e3d9416, com.cinema.api.dto.ComboRs@3baba0a9, com.cinema.api.dto.ComboRs@6989909e, com.cinema.api.dto.ComboRs@3d3b8e66, com.cinema.api.dto.ComboRs@2fb430f3, com.cinema.api.dto.ComboRs@49fc7344, com.cinema.api.dto.ComboRs@6c540785, com.cinema.api.dto.ComboRs@dfdfcd7, com.cinema.api.dto.ComboRs@3407633, com.cinema.api.dto.ComboRs@290c434c, com.cinema.api.dto.ComboRs@65a801c7, com.cinema.api.dto.ComboRs@7d142e1, com.cinema.api.dto.ComboRs@7204dc6]
2026-05-31T00:04:08.328+04:00  INFO 26956 --- [cinema-api] [http-nio-8080-exec-10] com.cinema.api.aspect.LoggerAspect       : 2026-05-31 00:04:08 | ВЫЗОВ МЕТОДА | ReceiptService.getAll() | Аргументы: [Page request [number: 0, size 10, sort: date: DESC]]
2026-05-31T00:04:08.361+04:00  INFO 26956 --- [cinema-api] [http-nio-8080-exec-10] com.cinema.api.aspect.LoggerAspect       : 2026-05-31 00:04:08 | УСПЕШНОЕ ВЫПОЛНЕНИЕ | ReceiptService.getAll() | Результат: Page 1 of 3 containing com.cinema.api.dto.ReceiptRs instances
2026-05-31T00:04:09.986+04:00  INFO 26956 --- [cinema-api] [http-nio-8080-exec-9] com.cinema.api.aspect.LoggerAspect       : 2026-05-31 00:04:09 | ВЫЗОВ МЕТОДА | ReceiptService.getAll() | Аргументы: [Page request [number: 0, size 100, sort: date: DESC]]
2026-05-31T00:04:10.023+04:00  INFO 26956 --- [cinema-api] [http-nio-8080-exec-9] com.cinema.api.aspect.LoggerAspect       : 2026-05-31 00:04:10 | УСПЕШНОЕ ВЫПОЛНЕНИЕ | ReceiptService.getAll() | Результат: Page 1 of 1 containing com.cinema.api.dto.ReceiptRs instances
2026-05-31T00:04:10.052+04:00  INFO 26956 --- [cinema-api] [http-nio-8080-exec-8] com.cinema.api.aspect.LoggerAspect       : 2026-05-31 00:04:10 | ВЫЗОВ МЕТОДА | ReceiptService.getById() | Аргументы: [24]
2026-05-31T00:04:10.056+04:00  INFO 26956 --- [cinema-api] [http-nio-8080-exec-8] com.cinema.api.aspect.LoggerAspect       : 2026-05-31 00:04:10 | УСПЕШНОЕ ВЫПОЛНЕНИЕ | ReceiptService.getById() | Результат: com.cinema.api.dto.ReceiptRs@24bba253
2026-05-31T00:04:13.768+04:00  INFO 26956 --- [cinema-api] [http-nio-8080-exec-6] com.cinema.api.aspect.LoggerAspect       : 2026-05-31 00:04:13 | ВЫЗОВ МЕТОДА | ReceiptService.sell() | Аргументы: [24, 1, CASH]
2026-05-31T00:04:13.781+04:00  INFO 26956 --- [cinema-api] [http-nio-8080-exec-6] com.cinema.api.aspect.LoggerAspect       : 2026-05-31 00:04:13 | ВЫЗОВ МЕТОДА | MerchandiseService.sell() | Аргументы: [8, 1, 1]
2026-05-31T00:04:13.794+04:00  INFO 26956 --- [cinema-api] [http-nio-8080-exec-6] com.cinema.api.aspect.LoggerAspect       : 2026-05-31 00:04:13 | КОРРЕКТИРОВКА ОСТАТКОВ | Админ: 1 | Товар ID: 8 | Локация: MERCHANDISE | Было: 10 | Стало: 9
2026-05-31T00:04:13.795+04:00  INFO 26956 --- [cinema-api] [http-nio-8080-exec-6] com.cinema.api.aspect.LoggerAspect       : 2026-05-31 00:04:13 | УСПЕШНОЕ ВЫПОЛНЕНИЕ | MerchandiseService.sell() | Результат: void
2026-05-31T00:04:13.800+04:00  INFO 26956 --- [cinema-api] [http-nio-8080-exec-6] com.cinema.api.aspect.LoggerAspect       : 2026-05-31 00:04:13 | ВЫЗОВ МЕТОДА | ProductService.isExpired() | Аргументы: [com.cinema.api.entity.Product@1f04a08c]
2026-05-31T00:04:13.803+04:00  INFO 26956 --- [cinema-api] [http-nio-8080-exec-6] com.cinema.api.aspect.LoggerAspect       : 2026-05-31 00:04:13 | УСПЕШНОЕ ВЫПОЛНЕНИЕ | ProductService.isExpired() | Результат: false
2026-05-31T00:04:13.803+04:00  INFO 26956 --- [cinema-api] [http-nio-8080-exec-6] com.cinema.api.aspect.LoggerAspect       : 2026-05-31 00:04:13 | ВЫЗОВ МЕТОДА | RemainsService.decreaseBar() | Аргументы: [5, 2, 1]
2026-05-31T00:04:13.808+04:00  INFO 26956 --- [cinema-api] [http-nio-8080-exec-6] com.cinema.api.aspect.LoggerAspect       : 2026-05-31 00:04:13 | ВЫЗОВ МЕТОДА | StockMovementService.recordMovement() | Аргументы: [com.cinema.api.entity.Product@1f04a08c, SALE, 2, BAR, null, 1, Продажа]
2026-05-31T00:04:13.813+04:00  INFO 26956 --- [cinema-api] [http-nio-8080-exec-6] com.cinema.api.aspect.LoggerAspect       : 2026-05-31 00:04:13 | УСПЕШНОЕ ВЫПОЛНЕНИЕ | StockMovementService.recordMovement() | Результат: void
2026-05-31T00:04:13.814+04:00  INFO 26956 --- [cinema-api] [http-nio-8080-exec-6] com.cinema.api.aspect.LoggerAspect       : 2026-05-31 00:04:13 | КОРРЕКТИРОВКА ОСТАТКОВ | Админ: 1 | Товар ID: 5 | Локация: BAR | Было: 92 | Стало: 90
2026-05-31T00:04:13.814+04:00  INFO 26956 --- [cinema-api] [http-nio-8080-exec-6] com.cinema.api.aspect.LoggerAspect       : 2026-05-31 00:04:13 | УСПЕШНОЕ ВЫПОЛНЕНИЕ | RemainsService.decreaseBar() | Результат: void
2026-05-31T00:04:13.816+04:00  INFO 26956 --- [cinema-api] [http-nio-8080-exec-6] com.cinema.api.aspect.LoggerAspect       : 2026-05-31 00:04:13 | ВЫЗОВ МЕТОДА | ProductService.isExpired() | Аргументы: [com.cinema.api.entity.Product@68635cbc]
2026-05-31T00:04:13.816+04:00  INFO 26956 --- [cinema-api] [http-nio-8080-exec-6] com.cinema.api.aspect.LoggerAspect       : 2026-05-31 00:04:13 | УСПЕШНОЕ ВЫПОЛНЕНИЕ | ProductService.isExpired() | Результат: false
2026-05-31T00:04:13.816+04:00  INFO 26956 --- [cinema-api] [http-nio-8080-exec-6] com.cinema.api.aspect.LoggerAspect       : 2026-05-31 00:04:13 | ВЫЗОВ МЕТОДА | RemainsService.decreaseBar() | Аргументы: [11, 13, 1]
2026-05-31T00:04:13.830+04:00 ERROR 26956 --- [cinema-api] [http-nio-8080-exec-6] com.cinema.api.aspect.LoggerAspect       : 2026-05-31 00:04:13 | ОШИБКА | RemainsService.decreaseBar() | Недостаточно товара в баре
2026-05-31T00:04:13.840+04:00 ERROR 26956 --- [cinema-api] [http-nio-8080-exec-6] com.cinema.api.aspect.LoggerAspect       : 2026-05-31 00:04:13 | ОШИБКА | ReceiptService.sell() | Недостаточно товара в баре
2026-05-31T00:04:58.651+04:00  INFO 26956 --- [cinema-api] [http-nio-8080-exec-7] com.cinema.api.aspect.LoggerAspect       : 2026-05-31 00:04:58 | ВЫЗОВ МЕТОДА | ReceiptService.removeCombo() | Аргументы: [24, 30]
2026-05-31T00:04:58.665+04:00  INFO 26956 --- [cinema-api] [http-nio-8080-exec-7] com.cinema.api.aspect.LoggerAspect       : 2026-05-31 00:04:58 | УСПЕШНОЕ ВЫПОЛНЕНИЕ | ReceiptService.removeCombo() | Результат: void
2026-05-31T00:04:58.686+04:00  INFO 26956 --- [cinema-api] [http-nio-8080-exec-5] com.cinema.api.aspect.LoggerAspect       : 2026-05-31 00:04:58 | ВЫЗОВ МЕТОДА | ReceiptService.getById() | Аргументы: [24]
2026-05-31T00:04:58.690+04:00  INFO 26956 --- [cinema-api] [http-nio-8080-exec-5] com.cinema.api.aspect.LoggerAspect       : 2026-05-31 00:04:58 | УСПЕШНОЕ ВЫПОЛНЕНИЕ | ReceiptService.getById() | Результат: com.cinema.api.dto.ReceiptRs@58e45c8e
2026-05-31T00:04:58.700+04:00  INFO 26956 --- [cinema-api] [http-nio-8080-exec-4] com.cinema.api.aspect.LoggerAspect       : 2026-05-31 00:04:58 | ВЫЗОВ МЕТОДА | ReceiptService.getAll() | Аргументы: [Page request [number: 0, size 10, sort: date: DESC]]
2026-05-31T00:04:58.724+04:00  INFO 26956 --- [cinema-api] [http-nio-8080-exec-4] com.cinema.api.aspect.LoggerAspect       : 2026-05-31 00:04:58 | УСПЕШНОЕ ВЫПОЛНЕНИЕ | ReceiptService.getAll() | Результат: Page 1 of 3 containing com.cinema.api.dto.ReceiptRs instances
2026-05-31T00:05:05.133+04:00  INFO 26956 --- [cinema-api] [http-nio-8080-exec-3] com.cinema.api.aspect.LoggerAspect       : 2026-05-31 00:05:05 | ВЫЗОВ МЕТОДА | ReceiptService.addCombo() | Аргументы: [24, 7, 1]
2026-05-31T00:05:05.138+04:00  INFO 26956 --- [cinema-api] [http-nio-8080-exec-3] com.cinema.api.aspect.LoggerAspect       : 2026-05-31 00:05:05 | УСПЕШНОЕ ВЫПОЛНЕНИЕ | ReceiptService.addCombo() | Результат: void
2026-05-31T00:05:05.158+04:00  INFO 26956 --- [cinema-api] [http-nio-8080-exec-1] com.cinema.api.aspect.LoggerAspect       : 2026-05-31 00:05:05 | ВЫЗОВ МЕТОДА | ReceiptService.getById() | Аргументы: [24]
2026-05-31T00:05:05.164+04:00  INFO 26956 --- [cinema-api] [http-nio-8080-exec-1] com.cinema.api.aspect.LoggerAspect       : 2026-05-31 00:05:05 | УСПЕШНОЕ ВЫПОЛНЕНИЕ | ReceiptService.getById() | Результат: com.cinema.api.dto.ReceiptRs@5f03b0eb
2026-05-31T00:05:05.176+04:00  INFO 26956 --- [cinema-api] [http-nio-8080-exec-2] com.cinema.api.aspect.LoggerAspect       : 2026-05-31 00:05:05 | ВЫЗОВ МЕТОДА | ReceiptService.getAll() | Аргументы: [Page request [number: 0, size 10, sort: date: DESC]]
2026-05-31T00:05:05.193+04:00  INFO 26956 --- [cinema-api] [http-nio-8080-exec-2] com.cinema.api.aspect.LoggerAspect       : 2026-05-31 00:05:05 | УСПЕШНОЕ ВЫПОЛНЕНИЕ | ReceiptService.getAll() | Результат: Page 1 of 3 containing com.cinema.api.dto.ReceiptRs instances
2026-05-31T00:05:07.231+04:00  INFO 26956 --- [cinema-api] [http-nio-8080-exec-10] com.cinema.api.aspect.LoggerAspect       : 2026-05-31 00:05:07 | ВЫЗОВ МЕТОДА | ReceiptService.sell() | Аргументы: [24, 1, CASH]
2026-05-31T00:05:07.234+04:00  INFO 26956 --- [cinema-api] [http-nio-8080-exec-10] com.cinema.api.aspect.LoggerAspect       : 2026-05-31 00:05:07 | ВЫЗОВ МЕТОДА | MerchandiseService.sell() | Аргументы: [8, 1, 1]
2026-05-31T00:05:07.235+04:00  INFO 26956 --- [cinema-api] [http-nio-8080-exec-10] com.cinema.api.aspect.LoggerAspect       : 2026-05-31 00:05:07 | КОРРЕКТИРОВКА ОСТАТКОВ | Админ: 1 | Товар ID: 8 | Локация: MERCHANDISE | Было: 10 | Стало: 9
2026-05-31T00:05:07.235+04:00  INFO 26956 --- [cinema-api] [http-nio-8080-exec-10] com.cinema.api.aspect.LoggerAspect       : 2026-05-31 00:05:07 | УСПЕШНОЕ ВЫПОЛНЕНИЕ | MerchandiseService.sell() | Результат: void
2026-05-31T00:05:07.236+04:00  INFO 26956 --- [cinema-api] [http-nio-8080-exec-10] com.cinema.api.aspect.LoggerAspect       : 2026-05-31 00:05:07 | ВЫЗОВ МЕТОДА | ProductService.isExpired() | Аргументы: [com.cinema.api.entity.Product@420de04a]
2026-05-31T00:05:07.237+04:00  INFO 26956 --- [cinema-api] [http-nio-8080-exec-10] com.cinema.api.aspect.LoggerAspect       : 2026-05-31 00:05:07 | УСПЕШНОЕ ВЫПОЛНЕНИЕ | ProductService.isExpired() | Результат: false
2026-05-31T00:05:07.237+04:00  INFO 26956 --- [cinema-api] [http-nio-8080-exec-10] com.cinema.api.aspect.LoggerAspect       : 2026-05-31 00:05:07 | ВЫЗОВ МЕТОДА | RemainsService.decreaseBar() | Аргументы: [5, 2, 1]
2026-05-31T00:05:07.240+04:00  INFO 26956 --- [cinema-api] [http-nio-8080-exec-10] com.cinema.api.aspect.LoggerAspect       : 2026-05-31 00:05:07 | ВЫЗОВ МЕТОДА | StockMovementService.recordMovement() | Аргументы: [com.cinema.api.entity.Product@420de04a, SALE, 2, BAR, null, 1, Продажа]
2026-05-31T00:05:07.242+04:00  INFO 26956 --- [cinema-api] [http-nio-8080-exec-10] com.cinema.api.aspect.LoggerAspect       : 2026-05-31 00:05:07 | УСПЕШНОЕ ВЫПОЛНЕНИЕ | StockMovementService.recordMovement() | Результат: void
2026-05-31T00:05:07.242+04:00  INFO 26956 --- [cinema-api] [http-nio-8080-exec-10] com.cinema.api.aspect.LoggerAspect       : 2026-05-31 00:05:07 | КОРРЕКТИРОВКА ОСТАТКОВ | Админ: 1 | Товар ID: 5 | Локация: BAR | Было: 92 | Стало: 90
2026-05-31T00:05:07.242+04:00  INFO 26956 --- [cinema-api] [http-nio-8080-exec-10] com.cinema.api.aspect.LoggerAspect       : 2026-05-31 00:05:07 | УСПЕШНОЕ ВЫПОЛНЕНИЕ | RemainsService.decreaseBar() | Результат: void
2026-05-31T00:05:07.245+04:00  INFO 26956 --- [cinema-api] [http-nio-8080-exec-10] com.cinema.api.aspect.LoggerAspect       : 2026-05-31 00:05:07 | ВЫЗОВ МЕТОДА | ProductService.isExpired() | Аргументы: [com.cinema.api.entity.Product@427e8469]
2026-05-31T00:05:07.245+04:00  INFO 26956 --- [cinema-api] [http-nio-8080-exec-10] com.cinema.api.aspect.LoggerAspect       : 2026-05-31 00:05:07 | УСПЕШНОЕ ВЫПОЛНЕНИЕ | ProductService.isExpired() | Результат: true
2026-05-31T00:05:07.245+04:00 ERROR 26956 --- [cinema-api] [http-nio-8080-exec-10] com.cinema.api.aspect.LoggerAspect       : 2026-05-31 00:05:07 | ОШИБКА | ReceiptService.sell() | Товар просрочен: Просто чипсы
2026-05-31T00:07:00.796+04:00  INFO 26956 --- [cinema-api] [http-nio-8080-exec-9] com.cinema.api.aspect.LoggerAspect       : 2026-05-31 00:07:00 | ВЫЗОВ МЕТОДА | ReceiptService.removeCombo() | Аргументы: [24, 31]
2026-05-31T00:07:00.803+04:00  INFO 26956 --- [cinema-api] [http-nio-8080-exec-9] com.cinema.api.aspect.LoggerAspect       : 2026-05-31 00:07:00 | УСПЕШНОЕ ВЫПОЛНЕНИЕ | ReceiptService.removeCombo() | Результат: void
2026-05-31T00:07:00.823+04:00  INFO 26956 --- [cinema-api] [http-nio-8080-exec-8] com.cinema.api.aspect.LoggerAspect       : 2026-05-31 00:07:00 | ВЫЗОВ МЕТОДА | ReceiptService.getById() | Аргументы: [24]
2026-05-31T00:07:00.827+04:00  INFO 26956 --- [cinema-api] [http-nio-8080-exec-8] com.cinema.api.aspect.LoggerAspect       : 2026-05-31 00:07:00 | УСПЕШНОЕ ВЫПОЛНЕНИЕ | ReceiptService.getById() | Результат: com.cinema.api.dto.ReceiptRs@189f82f5
2026-05-31T00:07:00.837+04:00  INFO 26956 --- [cinema-api] [http-nio-8080-exec-6] com.cinema.api.aspect.LoggerAspect       : 2026-05-31 00:07:00 | ВЫЗОВ МЕТОДА | ReceiptService.getAll() | Аргументы: [Page request [number: 0, size 10, sort: date: DESC]]
2026-05-31T00:07:00.859+04:00  INFO 26956 --- [cinema-api] [http-nio-8080-exec-6] com.cinema.api.aspect.LoggerAspect       : 2026-05-31 00:07:00 | УСПЕШНОЕ ВЫПОЛНЕНИЕ | ReceiptService.getAll() | Результат: Page 1 of 3 containing com.cinema.api.dto.ReceiptRs instances
2026-05-31T00:07:02.439+04:00  INFO 26956 --- [cinema-api] [http-nio-8080-exec-7] com.cinema.api.aspect.LoggerAspect       : 2026-05-31 00:07:02 | ВЫЗОВ МЕТОДА | ReceiptService.sell() | Аргументы: [24, 1, CASH]
2026-05-31T00:07:02.441+04:00  INFO 26956 --- [cinema-api] [http-nio-8080-exec-7] com.cinema.api.aspect.LoggerAspect       : 2026-05-31 00:07:02 | ВЫЗОВ МЕТОДА | MerchandiseService.sell() | Аргументы: [8, 1, 1]
2026-05-31T00:07:02.441+04:00  INFO 26956 --- [cinema-api] [http-nio-8080-exec-7] com.cinema.api.aspect.LoggerAspect       : 2026-05-31 00:07:02 | КОРРЕКТИРОВКА ОСТАТКОВ | Админ: 1 | Товар ID: 8 | Локация: MERCHANDISE | Было: 10 | Стало: 9
2026-05-31T00:07:02.441+04:00  INFO 26956 --- [cinema-api] [http-nio-8080-exec-7] com.cinema.api.aspect.LoggerAspect       : 2026-05-31 00:07:02 | УСПЕШНОЕ ВЫПОЛНЕНИЕ | MerchandiseService.sell() | Результат: void
2026-05-31T00:07:02.443+04:00  INFO 26956 --- [cinema-api] [http-nio-8080-exec-7] com.cinema.api.aspect.LoggerAspect       : 2026-05-31 00:07:02 | ВЫЗОВ МЕТОДА | ProductService.isExpired() | Аргументы: [com.cinema.api.entity.Product@7e14e31d]
2026-05-31T00:07:02.443+04:00  INFO 26956 --- [cinema-api] [http-nio-8080-exec-7] com.cinema.api.aspect.LoggerAspect       : 2026-05-31 00:07:02 | УСПЕШНОЕ ВЫПОЛНЕНИЕ | ProductService.isExpired() | Результат: false
2026-05-31T00:07:02.443+04:00  INFO 26956 --- [cinema-api] [http-nio-8080-exec-7] com.cinema.api.aspect.LoggerAspect       : 2026-05-31 00:07:02 | ВЫЗОВ МЕТОДА | RemainsService.decreaseBar() | Аргументы: [5, 2, 1]
2026-05-31T00:07:02.445+04:00  INFO 26956 --- [cinema-api] [http-nio-8080-exec-7] com.cinema.api.aspect.LoggerAspect       : 2026-05-31 00:07:02 | ВЫЗОВ МЕТОДА | StockMovementService.recordMovement() | Аргументы: [com.cinema.api.entity.Product@7e14e31d, SALE, 2, BAR, null, 1, Продажа]
2026-05-31T00:07:02.447+04:00  INFO 26956 --- [cinema-api] [http-nio-8080-exec-7] com.cinema.api.aspect.LoggerAspect       : 2026-05-31 00:07:02 | УСПЕШНОЕ ВЫПОЛНЕНИЕ | StockMovementService.recordMovement() | Результат: void
2026-05-31T00:07:02.447+04:00  INFO 26956 --- [cinema-api] [http-nio-8080-exec-7] com.cinema.api.aspect.LoggerAspect       : 2026-05-31 00:07:02 | КОРРЕКТИРОВКА ОСТАТКОВ | Админ: 1 | Товар ID: 5 | Локация: BAR | Было: 92 | Стало: 90
2026-05-31T00:07:02.447+04:00  INFO 26956 --- [cinema-api] [http-nio-8080-exec-7] com.cinema.api.aspect.LoggerAspect       : 2026-05-31 00:07:02 | УСПЕШНОЕ ВЫПОЛНЕНИЕ | RemainsService.decreaseBar() | Результат: void
2026-05-31T00:07:02.448+04:00  INFO 26956 --- [cinema-api] [http-nio-8080-exec-7] com.cinema.api.aspect.LoggerAspect       : 2026-05-31 00:07:02 | ПРОДАЖА | Админ: 1 | Чек: 24 | Сумма: 420.0 руб.
2026-05-31T00:07:02.448+04:00  INFO 26956 --- [cinema-api] [http-nio-8080-exec-7] com.cinema.api.aspect.LoggerAspect       : 2026-05-31 00:07:02 | УСПЕШНОЕ ВЫПОЛНЕНИЕ | ReceiptService.sell() | Результат: com.cinema.api.dto.ReceiptRs@21160f07
2026-05-31T00:07:02.479+04:00  INFO 26956 --- [cinema-api] [http-nio-8080-exec-5] com.cinema.api.aspect.LoggerAspect       : 2026-05-31 00:07:02 | ВЫЗОВ МЕТОДА | ReceiptService.getAll() | Аргументы: [Page request [number: 0, size 10, sort: date: DESC]]
2026-05-31T00:07:02.497+04:00  INFO 26956 --- [cinema-api] [http-nio-8080-exec-5] com.cinema.api.aspect.LoggerAspect       : 2026-05-31 00:07:02 | УСПЕШНОЕ ВЫПОЛНЕНИЕ | ReceiptService.getAll() | Результат: Page 1 of 3 containing com.cinema.api.dto.ReceiptRs instances
2026-05-31T00:11:19.994+04:00  INFO 26956 --- [cinema-api] [http-nio-8080-exec-4] com.cinema.api.aspect.LoggerAspect       : 2026-05-31 00:11:19 | ВЫЗОВ МЕТОДА | ReceiptService.cancel() | Аргументы: [24, 1]
2026-05-31T00:11:20.018+04:00  INFO 26956 --- [cinema-api] [http-nio-8080-exec-4] com.cinema.api.aspect.LoggerAspect       : 2026-05-31 00:11:20 | ВЫЗОВ МЕТОДА | MerchandiseService.increaseCount() | Аргументы: [8, 1, 1]
2026-05-31T00:11:20.019+04:00  INFO 26956 --- [cinema-api] [http-nio-8080-exec-4] com.cinema.api.aspect.LoggerAspect       : 2026-05-31 00:11:20 | КОРРЕКТИРОВКА ОСТАТКОВ | Админ: 1 | Товар ID: 8 | Локация: MERCHANDISE | Было: 9 | Стало: 10
2026-05-31T00:11:20.020+04:00  INFO 26956 --- [cinema-api] [http-nio-8080-exec-4] com.cinema.api.aspect.LoggerAspect       : 2026-05-31 00:11:20 | УСПЕШНОЕ ВЫПОЛНЕНИЕ | MerchandiseService.increaseCount() | Результат: void
2026-05-31T00:11:20.023+04:00  INFO 26956 --- [cinema-api] [http-nio-8080-exec-4] com.cinema.api.aspect.LoggerAspect       : 2026-05-31 00:11:20 | ВЫЗОВ МЕТОДА | RemainsService.increaseBar() | Аргументы: [5, 2, 1]
2026-05-31T00:11:20.025+04:00  INFO 26956 --- [cinema-api] [http-nio-8080-exec-4] com.cinema.api.aspect.LoggerAspect       : 2026-05-31 00:11:20 | ВЫЗОВ МЕТОДА | StockMovementService.recordMovement() | Аргументы: [com.cinema.api.entity.Product@1ce53e1b, RETURN, 2, null, BAR, 1, Возврат]
2026-05-31T00:11:20.027+04:00  INFO 26956 --- [cinema-api] [http-nio-8080-exec-4] com.cinema.api.aspect.LoggerAspect       : 2026-05-31 00:11:20 | УСПЕШНОЕ ВЫПОЛНЕНИЕ | StockMovementService.recordMovement() | Результат: void
2026-05-31T00:11:20.027+04:00  INFO 26956 --- [cinema-api] [http-nio-8080-exec-4] com.cinema.api.aspect.LoggerAspect       : 2026-05-31 00:11:20 | КОРРЕКТИРОВКА ОСТАТКОВ | Админ: 1 | Товар ID: 5 | Локация: BAR | Было: 90 | Стало: 92
2026-05-31T00:11:20.027+04:00  INFO 26956 --- [cinema-api] [http-nio-8080-exec-4] com.cinema.api.aspect.LoggerAspect       : 2026-05-31 00:11:20 | УСПЕШНОЕ ВЫПОЛНЕНИЕ | RemainsService.increaseBar() | Результат: void
2026-05-31T00:11:20.027+04:00  INFO 26956 --- [cinema-api] [http-nio-8080-exec-4] com.cinema.api.aspect.LoggerAspect       : 2026-05-31 00:11:20 | ВОЗВРАТ | Админ: 1 | Чек: 24 | Сумма: 420.0 руб.
2026-05-31T00:11:20.027+04:00  INFO 26956 --- [cinema-api] [http-nio-8080-exec-4] com.cinema.api.aspect.LoggerAspect       : 2026-05-31 00:11:20 | УСПЕШНОЕ ВЫПОЛНЕНИЕ | ReceiptService.cancel() | Результат: com.cinema.api.dto.ReceiptRs@468fc5f9
2026-05-31T00:11:20.040+04:00  INFO 26956 --- [cinema-api] [http-nio-8080-exec-3] com.cinema.api.aspect.LoggerAspect       : 2026-05-31 00:11:20 | ВЫЗОВ МЕТОДА | ReceiptService.getAll() | Аргументы: [Page request [number: 0, size 10, sort: date: DESC]]
2026-05-31T00:11:20.059+04:00  INFO 26956 --- [cinema-api] [http-nio-8080-exec-3] com.cinema.api.aspect.LoggerAspect       : 2026-05-31 00:11:20 | УСПЕШНОЕ ВЫПОЛНЕНИЕ | ReceiptService.getAll() | Результат: Page 1 of 3 containing com.cinema.api.dto.ReceiptRs instances
2026-05-31T00:14:18.864+04:00  INFO 26956 --- [cinema-api] [http-nio-8080-exec-10] com.cinema.api.aspect.LoggerAspect       : 2026-05-31 00:14:18 | ВЫЗОВ МЕТОДА | ReceiptService.getAll() | Аргументы: [Page request [number: 1, size 10, sort: date: DESC]]
2026-05-31T00:14:18.867+04:00  INFO 26956 --- [cinema-api] [http-nio-8080-exec-2] com.cinema.api.aspect.LoggerAspect       : 2026-05-31 00:14:18 | ВЫЗОВ МЕТОДА | ComboService.getAll() | Аргументы: []
2026-05-31T00:14:18.868+04:00  INFO 26956 --- [cinema-api] [http-nio-8080-exec-1] com.cinema.api.aspect.LoggerAspect       : 2026-05-31 00:14:18 | ВЫЗОВ МЕТОДА | MerchandiseService.getAll() | Аргументы: []
2026-05-31T00:14:18.872+04:00  INFO 26956 --- [cinema-api] [http-nio-8080-exec-1] com.cinema.api.aspect.LoggerAspect       : 2026-05-31 00:14:18 | УСПЕШНОЕ ВЫПОЛНЕНИЕ | MerchandiseService.getAll() | Результат: [com.cinema.api.dto.MerchandiseRs@4a28cf04, com.cinema.api.dto.MerchandiseRs@196b35c2, com.cinema.api.dto.MerchandiseRs@26a38f1, com.cinema.api.dto.MerchandiseRs@151a79fc, com.cinema.api.dto.MerchandiseRs@1946d4b4, com.cinema.api.dto.MerchandiseRs@5943277b, com.cinema.api.dto.MerchandiseRs@abd3112, com.cinema.api.dto.MerchandiseRs@4c2e7c20, com.cinema.api.dto.MerchandiseRs@6362e265, com.cinema.api.dto.MerchandiseRs@235a798d, com.cinema.api.dto.MerchandiseRs@408cf955, com.cinema.api.dto.MerchandiseRs@7f7c4218, com.cinema.api.dto.MerchandiseRs@bf9f658, com.cinema.api.dto.MerchandiseRs@7b1f60bb, com.cinema.api.dto.MerchandiseRs@5c7e68dc, com.cinema.api.dto.MerchandiseRs@418f9dc9, com.cinema.api.dto.MerchandiseRs@580e896]
2026-05-31T00:14:18.881+04:00  INFO 26956 --- [cinema-api] [http-nio-8080-exec-10] com.cinema.api.aspect.LoggerAspect       : 2026-05-31 00:14:18 | УСПЕШНОЕ ВЫПОЛНЕНИЕ | ReceiptService.getAll() | Результат: Page 2 of 3 containing com.cinema.api.dto.ReceiptRs instances
2026-05-31T00:14:18.886+04:00  INFO 26956 --- [cinema-api] [http-nio-8080-exec-2] com.cinema.api.aspect.LoggerAspect       : 2026-05-31 00:14:18 | УСПЕШНОЕ ВЫПОЛНЕНИЕ | ComboService.getAll() | Результат: [com.cinema.api.dto.ComboRs@2ddd236f, com.cinema.api.dto.ComboRs@17020e14, com.cinema.api.dto.ComboRs@4316811b, com.cinema.api.dto.ComboRs@2ee280a0, com.cinema.api.dto.ComboRs@6a600848, com.cinema.api.dto.ComboRs@6d95c9be, com.cinema.api.dto.ComboRs@1a7c834e, com.cinema.api.dto.ComboRs@2021f721, com.cinema.api.dto.ComboRs@4ae99925, com.cinema.api.dto.ComboRs@9f261ff, com.cinema.api.dto.ComboRs@77eaf57c, com.cinema.api.dto.ComboRs@585d9c5f, com.cinema.api.dto.ComboRs@5efb06c0, com.cinema.api.dto.ComboRs@449c7979]
2026-05-31T00:14:19.363+04:00  INFO 26956 --- [cinema-api] [http-nio-8080-exec-8] com.cinema.api.aspect.LoggerAspect       : 2026-05-31 00:14:19 | ВЫЗОВ МЕТОДА | ComboService.getAll() | Аргументы: []
2026-05-31T00:14:19.363+04:00  INFO 26956 --- [cinema-api] [http-nio-8080-exec-9] com.cinema.api.aspect.LoggerAspect       : 2026-05-31 00:14:19 | ВЫЗОВ МЕТОДА | MerchandiseService.getAll() | Аргументы: []
2026-05-31T00:14:19.363+04:00  INFO 26956 --- [cinema-api] [http-nio-8080-exec-6] com.cinema.api.aspect.LoggerAspect       : 2026-05-31 00:14:19 | ВЫЗОВ МЕТОДА | ReceiptService.getAll() | Аргументы: [Page request [number: 2, size 10, sort: date: DESC]]
2026-05-31T00:14:19.367+04:00  INFO 26956 --- [cinema-api] [http-nio-8080-exec-9] com.cinema.api.aspect.LoggerAspect       : 2026-05-31 00:14:19 | УСПЕШНОЕ ВЫПОЛНЕНИЕ | MerchandiseService.getAll() | Результат: [com.cinema.api.dto.MerchandiseRs@3e21a47f, com.cinema.api.dto.MerchandiseRs@40f6d96a, com.cinema.api.dto.MerchandiseRs@7144fb3b, com.cinema.api.dto.MerchandiseRs@26118b7e, com.cinema.api.dto.MerchandiseRs@15a0d19f, com.cinema.api.dto.MerchandiseRs@63eb77c8, com.cinema.api.dto.MerchandiseRs@35a0d5ad, com.cinema.api.dto.MerchandiseRs@1f40e21c, com.cinema.api.dto.MerchandiseRs@cfff442, com.cinema.api.dto.MerchandiseRs@34129722, com.cinema.api.dto.MerchandiseRs@72c31b0, com.cinema.api.dto.MerchandiseRs@1fe4734b, com.cinema.api.dto.MerchandiseRs@6c4ac911, com.cinema.api.dto.MerchandiseRs@4cc1f83d, com.cinema.api.dto.MerchandiseRs@2a86f1a4, com.cinema.api.dto.MerchandiseRs@16c4a194, com.cinema.api.dto.MerchandiseRs@2c7ce01c]
2026-05-31T00:14:19.370+04:00  INFO 26956 --- [cinema-api] [http-nio-8080-exec-6] com.cinema.api.aspect.LoggerAspect       : 2026-05-31 00:14:19 | УСПЕШНОЕ ВЫПОЛНЕНИЕ | ReceiptService.getAll() | Результат: Page 3 of 3 containing com.cinema.api.dto.ReceiptRs instances
2026-05-31T00:14:19.383+04:00  INFO 26956 --- [cinema-api] [http-nio-8080-exec-8] com.cinema.api.aspect.LoggerAspect       : 2026-05-31 00:14:19 | УСПЕШНОЕ ВЫПОЛНЕНИЕ | ComboService.getAll() | Результат: [com.cinema.api.dto.ComboRs@76aa60e3, com.cinema.api.dto.ComboRs@398efa58, com.cinema.api.dto.ComboRs@5c6aa35e, com.cinema.api.dto.ComboRs@8a2e996, com.cinema.api.dto.ComboRs@2daa2d19, com.cinema.api.dto.ComboRs@63384ece, com.cinema.api.dto.ComboRs@6ac171a4, com.cinema.api.dto.ComboRs@75b0cb33, com.cinema.api.dto.ComboRs@90ef279, com.cinema.api.dto.ComboRs@286193a8, com.cinema.api.dto.ComboRs@494c9b51, com.cinema.api.dto.ComboRs@3ad63818, com.cinema.api.dto.ComboRs@44b58801, com.cinema.api.dto.ComboRs@60edafec]
2026-05-31T00:14:20.651+04:00  INFO 26956 --- [cinema-api] [http-nio-8080-exec-5] com.cinema.api.aspect.LoggerAspect       : 2026-05-31 00:14:20 | ВЫЗОВ МЕТОДА | ComboService.getAll() | Аргументы: []
2026-05-31T00:14:20.652+04:00  INFO 26956 --- [cinema-api] [http-nio-8080-exec-7] com.cinema.api.aspect.LoggerAspect       : 2026-05-31 00:14:20 | ВЫЗОВ МЕТОДА | MerchandiseService.getAll() | Аргументы: []
2026-05-31T00:14:20.652+04:00  INFO 26956 --- [cinema-api] [http-nio-8080-exec-4] com.cinema.api.aspect.LoggerAspect       : 2026-05-31 00:14:20 | ВЫЗОВ МЕТОДА | ReceiptService.getAll() | Аргументы: [Page request [number: 1, size 10, sort: date: DESC]]
2026-05-31T00:14:20.654+04:00  INFO 26956 --- [cinema-api] [http-nio-8080-exec-7] com.cinema.api.aspect.LoggerAspect       : 2026-05-31 00:14:20 | УСПЕШНОЕ ВЫПОЛНЕНИЕ | MerchandiseService.getAll() | Результат: [com.cinema.api.dto.MerchandiseRs@66e5bef3, com.cinema.api.dto.MerchandiseRs@4bc3bdac, com.cinema.api.dto.MerchandiseRs@30480036, com.cinema.api.dto.MerchandiseRs@4d915d85, com.cinema.api.dto.MerchandiseRs@64870e2, com.cinema.api.dto.MerchandiseRs@50b0835a, com.cinema.api.dto.MerchandiseRs@200960ca, com.cinema.api.dto.MerchandiseRs@67336c3b, com.cinema.api.dto.MerchandiseRs@22b9cf5f, com.cinema.api.dto.MerchandiseRs@76473201, com.cinema.api.dto.MerchandiseRs@1d230333, com.cinema.api.dto.MerchandiseRs@618de618, com.cinema.api.dto.MerchandiseRs@da20e41, com.cinema.api.dto.MerchandiseRs@423ae2ce, com.cinema.api.dto.MerchandiseRs@47054b21, com.cinema.api.dto.MerchandiseRs@4936d8ff, com.cinema.api.dto.MerchandiseRs@54fb179e]
2026-05-31T00:14:20.668+04:00  INFO 26956 --- [cinema-api] [http-nio-8080-exec-5] com.cinema.api.aspect.LoggerAspect       : 2026-05-31 00:14:20 | УСПЕШНОЕ ВЫПОЛНЕНИЕ | ComboService.getAll() | Результат: [com.cinema.api.dto.ComboRs@4c966c87, com.cinema.api.dto.ComboRs@167f85c1, com.cinema.api.dto.ComboRs@5e0034a2, com.cinema.api.dto.ComboRs@231202bb, com.cinema.api.dto.ComboRs@5c1fb00a, com.cinema.api.dto.ComboRs@36a467c5, com.cinema.api.dto.ComboRs@69def097, com.cinema.api.dto.ComboRs@5aea20cd, com.cinema.api.dto.ComboRs@7bd4547a, com.cinema.api.dto.ComboRs@6edb9e8a, com.cinema.api.dto.ComboRs@701f818e, com.cinema.api.dto.ComboRs@7bf83b08, com.cinema.api.dto.ComboRs@22d6d789, com.cinema.api.dto.ComboRs@104b2297]
2026-05-31T00:14:20.677+04:00  INFO 26956 --- [cinema-api] [http-nio-8080-exec-4] com.cinema.api.aspect.LoggerAspect       : 2026-05-31 00:14:20 | УСПЕШНОЕ ВЫПОЛНЕНИЕ | ReceiptService.getAll() | Результат: Page 2 of 3 containing com.cinema.api.dto.ReceiptRs instances
2026-05-31T00:16:03.057+04:00  INFO 26956 --- [cinema-api] [http-nio-8080-exec-3] com.cinema.api.aspect.LoggerAspect       : 2026-05-31 00:16:03 | ВЫЗОВ МЕТОДА | ReportService.getSalesReportData() | Аргументы: [2026-05-26T00:00, 2026-05-27T23:59:59]
2026-05-31T00:16:03.075+04:00  INFO 26956 --- [cinema-api] [http-nio-8080-exec-3] com.cinema.api.aspect.LoggerAspect       : 2026-05-31 00:16:03 | УСПЕШНОЕ ВЫПОЛНЕНИЕ | ReportService.getSalesReportData() | Результат: [com.cinema.api.dto.SalesReportDto@70aab9a2, com.cinema.api.dto.SalesReportDto@5150c197, com.cinema.api.dto.SalesReportDto@5de59b42]
2026-05-31T00:17:03.461+04:00  INFO 26956 --- [cinema-api] [http-nio-8080-exec-1] com.cinema.api.aspect.LoggerAspect       : 2026-05-31 00:17:03 | ВЫЗОВ МЕТОДА | ReportService.getTopProducts() | Аргументы: [10]
2026-05-31T00:17:03.486+04:00  INFO 26956 --- [cinema-api] [http-nio-8080-exec-1] com.cinema.api.aspect.LoggerAspect       : 2026-05-31 00:17:03 | УСПЕШНОЕ ВЫПОЛНЕНИЕ | ReportService.getTopProducts() | Результат: [com.cinema.api.dto.TopProductDto@298daffb, com.cinema.api.dto.TopProductDto@276337cf, com.cinema.api.dto.TopProductDto@4e72da4, com.cinema.api.dto.TopProductDto@41e4537b, com.cinema.api.dto.TopProductDto@552cecb, com.cinema.api.dto.TopProductDto@3b314ce1, com.cinema.api.dto.TopProductDto@606cc2e, com.cinema.api.dto.TopProductDto@659a281e, com.cinema.api.dto.TopProductDto@76ad96f0, com.cinema.api.dto.TopProductDto@474a8a80]
2026-05-31T00:17:03.502+04:00  INFO 26956 --- [cinema-api] [http-nio-8080-exec-10] com.cinema.api.aspect.LoggerAspect       : 2026-05-31 00:17:03 | ВЫЗОВ МЕТОДА | ReportService.getTopMerchandise() | Аргументы: [10]
2026-05-31T00:17:03.532+04:00  INFO 26956 --- [cinema-api] [http-nio-8080-exec-10] com.cinema.api.aspect.LoggerAspect       : 2026-05-31 00:17:03 | УСПЕШНОЕ ВЫПОЛНЕНИЕ | ReportService.getTopMerchandise() | Результат: [com.cinema.api.dto.TopMerchandiseDto@6b715254, com.cinema.api.dto.TopMerchandiseDto@41c9c8fd, com.cinema.api.dto.TopMerchandiseDto@22928f2a, com.cinema.api.dto.TopMerchandiseDto@2e3d9ccc, com.cinema.api.dto.TopMerchandiseDto@4fbf98ad, com.cinema.api.dto.TopMerchandiseDto@40be2f87, com.cinema.api.dto.TopMerchandiseDto@76e31365, com.cinema.api.dto.TopMerchandiseDto@347a2a89, com.cinema.api.dto.TopMerchandiseDto@733b65b, com.cinema.api.dto.TopMerchandiseDto@3640732d]
2026-05-31T00:17:10.334+04:00  INFO 26956 --- [cinema-api] [http-nio-8080-exec-2] com.cinema.api.aspect.LoggerAspect       : 2026-05-31 00:17:10 | ВЫЗОВ МЕТОДА | ReportService.getTopProducts() | Аргументы: [5]
2026-05-31T00:17:10.346+04:00  INFO 26956 --- [cinema-api] [http-nio-8080-exec-2] com.cinema.api.aspect.LoggerAspect       : 2026-05-31 00:17:10 | УСПЕШНОЕ ВЫПОЛНЕНИЕ | ReportService.getTopProducts() | Результат: [com.cinema.api.dto.TopProductDto@2f09c3c8, com.cinema.api.dto.TopProductDto@7531afff, com.cinema.api.dto.TopProductDto@3ffac614, com.cinema.api.dto.TopProductDto@4a56b790, com.cinema.api.dto.TopProductDto@2ba02a91]
2026-05-31T00:17:10.360+04:00  INFO 26956 --- [cinema-api] [http-nio-8080-exec-9] com.cinema.api.aspect.LoggerAspect       : 2026-05-31 00:17:10 | ВЫЗОВ МЕТОДА | ReportService.getTopMerchandise() | Аргументы: [5]
2026-05-31T00:17:10.379+04:00  INFO 26956 --- [cinema-api] [http-nio-8080-exec-9] com.cinema.api.aspect.LoggerAspect       : 2026-05-31 00:17:10 | УСПЕШНОЕ ВЫПОЛНЕНИЕ | ReportService.getTopMerchandise() | Результат: [com.cinema.api.dto.TopMerchandiseDto@601f3325, com.cinema.api.dto.TopMerchandiseDto@100adc5a, com.cinema.api.dto.TopMerchandiseDto@1c706672, com.cinema.api.dto.TopMerchandiseDto@634d856a, com.cinema.api.dto.TopMerchandiseDto@7ad2043d]
2026-05-31T00:17:20.521+04:00  INFO 26956 --- [cinema-api] [http-nio-8080-exec-6] com.cinema.api.aspect.LoggerAspect       : 2026-05-31 00:17:20 | ВЫЗОВ МЕТОДА | ReportService.getTopProducts() | Аргументы: [50]
2026-05-31T00:17:20.534+04:00  INFO 26956 --- [cinema-api] [http-nio-8080-exec-6] com.cinema.api.aspect.LoggerAspect       : 2026-05-31 00:17:20 | УСПЕШНОЕ ВЫПОЛНЕНИЕ | ReportService.getTopProducts() | Результат: [com.cinema.api.dto.TopProductDto@292bac86, com.cinema.api.dto.TopProductDto@4141399e, com.cinema.api.dto.TopProductDto@5b37d3c8, com.cinema.api.dto.TopProductDto@bc28bc, com.cinema.api.dto.TopProductDto@7487fbb1, com.cinema.api.dto.TopProductDto@3c42b176, com.cinema.api.dto.TopProductDto@598e8ca5, com.cinema.api.dto.TopProductDto@3896b6e0, com.cinema.api.dto.TopProductDto@73878830, com.cinema.api.dto.TopProductDto@5a675e37, com.cinema.api.dto.TopProductDto@77a10a7a, com.cinema.api.dto.TopProductDto@7a8d83d8, com.cinema.api.dto.TopProductDto@358452b1, com.cinema.api.dto.TopProductDto@55f224d0, com.cinema.api.dto.TopProductDto@2aff16ce, com.cinema.api.dto.TopProductDto@3cfac30a]
2026-05-31T00:17:20.547+04:00  INFO 26956 --- [cinema-api] [http-nio-8080-exec-8] com.cinema.api.aspect.LoggerAspect       : 2026-05-31 00:17:20 | ВЫЗОВ МЕТОДА | ReportService.getTopMerchandise() | Аргументы: [50]
2026-05-31T00:17:20.569+04:00  INFO 26956 --- [cinema-api] [http-nio-8080-exec-8] com.cinema.api.aspect.LoggerAspect       : 2026-05-31 00:17:20 | УСПЕШНОЕ ВЫПОЛНЕНИЕ | ReportService.getTopMerchandise() | Результат: [com.cinema.api.dto.TopMerchandiseDto@34e66a76, com.cinema.api.dto.TopMerchandiseDto@25c51c0, com.cinema.api.dto.TopMerchandiseDto@44a4a843, com.cinema.api.dto.TopMerchandiseDto@19422884, com.cinema.api.dto.TopMerchandiseDto@1e705400, com.cinema.api.dto.TopMerchandiseDto@7ec2d45f, com.cinema.api.dto.TopMerchandiseDto@1f458d74, com.cinema.api.dto.TopMerchandiseDto@17cb8010, com.cinema.api.dto.TopMerchandiseDto@b8716bd, com.cinema.api.dto.TopMerchandiseDto@638f5bbe, com.cinema.api.dto.TopMerchandiseDto@50925496, com.cinema.api.dto.TopMerchandiseDto@1b929594, com.cinema.api.dto.TopMerchandiseDto@28934aa5, com.cinema.api.dto.TopMerchandiseDto@31d8a6a2, com.cinema.api.dto.TopMerchandiseDto@732c62eb, com.cinema.api.dto.TopMerchandiseDto@7c1d672f, com.cinema.api.dto.TopMerchandiseDto@4ee9cc6b]
2026-05-31T00:17:35.783+04:00  INFO 26956 --- [cinema-api] [http-nio-8080-exec-7] com.cinema.api.aspect.LoggerAspect       : 2026-05-31 00:17:35 | ВЫЗОВ МЕТОДА | ReportService.getSalesReportData() | Аргументы: [2026-05-17T00:00, 2026-05-27T23:59:59]
2026-05-31T00:17:35.789+04:00  INFO 26956 --- [cinema-api] [http-nio-8080-exec-7] com.cinema.api.aspect.LoggerAspect       : 2026-05-31 00:17:35 | УСПЕШНОЕ ВЫПОЛНЕНИЕ | ReportService.getSalesReportData() | Результат: [com.cinema.api.dto.SalesReportDto@5c146337, com.cinema.api.dto.SalesReportDto@618b74a4, com.cinema.api.dto.SalesReportDto@17e4f1e7, com.cinema.api.dto.SalesReportDto@304fcbea, com.cinema.api.dto.SalesReportDto@4f3d1b0f, com.cinema.api.dto.SalesReportDto@75296818, com.cinema.api.dto.SalesReportDto@4572c493, com.cinema.api.dto.SalesReportDto@b2c474c, com.cinema.api.dto.SalesReportDto@2c6ec045]
2026-05-31T00:17:38.426+04:00  INFO 26956 --- [cinema-api] [http-nio-8080-exec-5] com.cinema.api.aspect.LoggerAspect       : 2026-05-31 00:17:38 | ВЫЗОВ МЕТОДА | ReportService.getTopProducts() | Аргументы: [100]
2026-05-31T00:17:38.439+04:00  INFO 26956 --- [cinema-api] [http-nio-8080-exec-5] com.cinema.api.aspect.LoggerAspect       : 2026-05-31 00:17:38 | УСПЕШНОЕ ВЫПОЛНЕНИЕ | ReportService.getTopProducts() | Результат: [com.cinema.api.dto.TopProductDto@11349af8, com.cinema.api.dto.TopProductDto@359d0391, com.cinema.api.dto.TopProductDto@3b74dcd4, com.cinema.api.dto.TopProductDto@486e9346, com.cinema.api.dto.TopProductDto@7d3833e9, com.cinema.api.dto.TopProductDto@20643654, com.cinema.api.dto.TopProductDto@3d6bccf0, com.cinema.api.dto.TopProductDto@1239cb8, com.cinema.api.dto.TopProductDto@3d38500e, com.cinema.api.dto.TopProductDto@3c6f176b, com.cinema.api.dto.TopProductDto@5f00405a, com.cinema.api.dto.TopProductDto@425bc15e, com.cinema.api.dto.TopProductDto@3d1c513b, com.cinema.api.dto.TopProductDto@790cddbc, com.cinema.api.dto.TopProductDto@24d34057, com.cinema.api.dto.TopProductDto@381e34a2]
2026-05-31T00:17:38.452+04:00  INFO 26956 --- [cinema-api] [http-nio-8080-exec-4] com.cinema.api.aspect.LoggerAspect       : 2026-05-31 00:17:38 | ВЫЗОВ МЕТОДА | ReportService.getTopMerchandise() | Аргументы: [100]
2026-05-31T00:17:38.473+04:00  INFO 26956 --- [cinema-api] [http-nio-8080-exec-4] com.cinema.api.aspect.LoggerAspect       : 2026-05-31 00:17:38 | УСПЕШНОЕ ВЫПОЛНЕНИЕ | ReportService.getTopMerchandise() | Результат: [com.cinema.api.dto.TopMerchandiseDto@4f12e3f2, com.cinema.api.dto.TopMerchandiseDto@60f1a7e5, com.cinema.api.dto.TopMerchandiseDto@2dcd4c6f, com.cinema.api.dto.TopMerchandiseDto@1b5afa44, com.cinema.api.dto.TopMerchandiseDto@438f87ae, com.cinema.api.dto.TopMerchandiseDto@2e2cdeb5, com.cinema.api.dto.TopMerchandiseDto@69c5512b, com.cinema.api.dto.TopMerchandiseDto@25811e8d, com.cinema.api.dto.TopMerchandiseDto@1a8c5f64, com.cinema.api.dto.TopMerchandiseDto@529de3f6, com.cinema.api.dto.TopMerchandiseDto@1112ac87, com.cinema.api.dto.TopMerchandiseDto@3c4abd5e, com.cinema.api.dto.TopMerchandiseDto@44c5a2cc, com.cinema.api.dto.TopMerchandiseDto@79fa7bf1, com.cinema.api.dto.TopMerchandiseDto@7d8886dd, com.cinema.api.dto.TopMerchandiseDto@14c1747f, com.cinema.api.dto.TopMerchandiseDto@7d7b67e9]
2026-05-31T00:18:16.385+04:00  INFO 26956 --- [cinema-api] [http-nio-8080-exec-3] com.cinema.api.aspect.LoggerAspect       : 2026-05-31 00:18:16 | ВЫЗОВ МЕТОДА | ReportService.getTopProducts() | Аргументы: [100]
2026-05-31T00:18:16.402+04:00  INFO 26956 --- [cinema-api] [http-nio-8080-exec-3] com.cinema.api.aspect.LoggerAspect       : 2026-05-31 00:18:16 | УСПЕШНОЕ ВЫПОЛНЕНИЕ | ReportService.getTopProducts() | Результат: [com.cinema.api.dto.TopProductDto@61d49b67, com.cinema.api.dto.TopProductDto@254f6e68, com.cinema.api.dto.TopProductDto@2f60064e, com.cinema.api.dto.TopProductDto@4b8a9db, com.cinema.api.dto.TopProductDto@41f20588, com.cinema.api.dto.TopProductDto@1f101ff0, com.cinema.api.dto.TopProductDto@306d282a, com.cinema.api.dto.TopProductDto@715ab98d, com.cinema.api.dto.TopProductDto@20552c6b, com.cinema.api.dto.TopProductDto@3fa5480e, com.cinema.api.dto.TopProductDto@66500ba8, com.cinema.api.dto.TopProductDto@4262403e, com.cinema.api.dto.TopProductDto@4b5d1a6d, com.cinema.api.dto.TopProductDto@5e2dde30, com.cinema.api.dto.TopProductDto@38c69316, com.cinema.api.dto.TopProductDto@68755780]
2026-05-31T00:18:16.415+04:00  INFO 26956 --- [cinema-api] [http-nio-8080-exec-1] com.cinema.api.aspect.LoggerAspect       : 2026-05-31 00:18:16 | ВЫЗОВ МЕТОДА | ReportService.getTopMerchandise() | Аргументы: [100]
2026-05-31T00:18:16.452+04:00  INFO 26956 --- [cinema-api] [http-nio-8080-exec-1] com.cinema.api.aspect.LoggerAspect       : 2026-05-31 00:18:16 | УСПЕШНОЕ ВЫПОЛНЕНИЕ | ReportService.getTopMerchandise() | Результат: [com.cinema.api.dto.TopMerchandiseDto@76801746, com.cinema.api.dto.TopMerchandiseDto@72e3e0da, com.cinema.api.dto.TopMerchandiseDto@5dfbe259, com.cinema.api.dto.TopMerchandiseDto@69b1ef4f, com.cinema.api.dto.TopMerchandiseDto@1f7def18, com.cinema.api.dto.TopMerchandiseDto@72f5391d, com.cinema.api.dto.TopMerchandiseDto@709ef430, com.cinema.api.dto.TopMerchandiseDto@1633b6fb, com.cinema.api.dto.TopMerchandiseDto@66c68e0a, com.cinema.api.dto.TopMerchandiseDto@3d206e1e, com.cinema.api.dto.TopMerchandiseDto@3a1832fe, com.cinema.api.dto.TopMerchandiseDto@3197cf28, com.cinema.api.dto.TopMerchandiseDto@6373b1ce, com.cinema.api.dto.TopMerchandiseDto@5d9d6320, com.cinema.api.dto.TopMerchandiseDto@266925af, com.cinema.api.dto.TopMerchandiseDto@298840c5, com.cinema.api.dto.TopMerchandiseDto@570b79fb]
2026-05-31T00:18:21.025+04:00  INFO 26956 --- [cinema-api] [http-nio-8080-exec-10] com.cinema.api.aspect.LoggerAspect       : 2026-05-31 00:18:21 | ВЫЗОВ МЕТОДА | ReportService.getTopProducts() | Аргументы: [5]
2026-05-31T00:18:21.038+04:00  INFO 26956 --- [cinema-api] [http-nio-8080-exec-10] com.cinema.api.aspect.LoggerAspect       : 2026-05-31 00:18:21 | УСПЕШНОЕ ВЫПОЛНЕНИЕ | ReportService.getTopProducts() | Результат: [com.cinema.api.dto.TopProductDto@20f5f78d, com.cinema.api.dto.TopProductDto@589ff997, com.cinema.api.dto.TopProductDto@70af4fe1, com.cinema.api.dto.TopProductDto@6509ada7, com.cinema.api.dto.TopProductDto@6a4f7714]
2026-05-31T00:18:21.056+04:00  INFO 26956 --- [cinema-api] [http-nio-8080-exec-2] com.cinema.api.aspect.LoggerAspect       : 2026-05-31 00:18:21 | ВЫЗОВ МЕТОДА | ReportService.getTopMerchandise() | Аргументы: [5]
2026-05-31T00:18:21.077+04:00  INFO 26956 --- [cinema-api] [http-nio-8080-exec-2] com.cinema.api.aspect.LoggerAspect       : 2026-05-31 00:18:21 | УСПЕШНОЕ ВЫПОЛНЕНИЕ | ReportService.getTopMerchandise() | Результат: [com.cinema.api.dto.TopMerchandiseDto@478fa11d, com.cinema.api.dto.TopMerchandiseDto@5f17179c, com.cinema.api.dto.TopMerchandiseDto@31ead5ea, com.cinema.api.dto.TopMerchandiseDto@3e6a0e6, com.cinema.api.dto.TopMerchandiseDto@39db7ece]
2026-05-31T00:19:40.069+04:00  INFO 26956 --- [cinema-api] [http-nio-8080-exec-9] com.cinema.api.aspect.LoggerAspect       : 2026-05-31 00:19:40 | ВЫЗОВ МЕТОДА | AuthService.getProfile() | Аргументы: [1]
2026-05-31T00:19:40.071+04:00  INFO 26956 --- [cinema-api] [http-nio-8080-exec-9] com.cinema.api.aspect.LoggerAspect       : 2026-05-31 00:19:40 | УСПЕШНОЕ ВЫПОЛНЕНИЕ | AuthService.getProfile() | Результат: com.cinema.api.dto.ProfileRs@1d0e0a35
2026-05-31T00:19:40.084+04:00  INFO 26956 --- [cinema-api] [http-nio-8080-exec-6] com.cinema.api.aspect.LoggerAspect       : 2026-05-31 00:19:40 | ВЫЗОВ МЕТОДА | AuthService.getProfile() | Аргументы: [1]
2026-05-31T00:19:40.085+04:00  INFO 26956 --- [cinema-api] [http-nio-8080-exec-6] com.cinema.api.aspect.LoggerAspect       : 2026-05-31 00:19:40 | УСПЕШНОЕ ВЫПОЛНЕНИЕ | AuthService.getProfile() | Результат: com.cinema.api.dto.ProfileRs@1c37d869
2026-05-31T00:21:18.619+04:00  INFO 26956 --- [cinema-api] [http-nio-8080-exec-8] com.cinema.api.aspect.LoggerAspect       : 2026-05-31 00:21:18 | ВЫЗОВ МЕТОДА | AuthService.authenticate() | Аргументы: [com.cinema.api.dto.AuthRq@2a5b983d]
2026-05-31T00:21:18.762+04:00  INFO 26956 --- [cinema-api] [http-nio-8080-exec-8] com.cinema.api.aspect.LoggerAspect       : 2026-05-31 00:21:18 | АУТЕНТИФИКАЦИЯ | Логин: admin | УСПЕШНО
2026-05-31T00:21:18.762+04:00  INFO 26956 --- [cinema-api] [http-nio-8080-exec-8] com.cinema.api.aspect.LoggerAspect       : 2026-05-31 00:21:18 | УСПЕШНОЕ ВЫПОЛНЕНИЕ | AuthService.authenticate() | Результат: com.cinema.api.dto.AuthRs@3d62af04
2026-05-31T00:21:18.801+04:00  INFO 26956 --- [cinema-api] [http-nio-8080-exec-5] com.cinema.api.aspect.LoggerAspect       : 2026-05-31 00:21:18 | ВЫЗОВ МЕТОДА | AuthService.getProfile() | Аргументы: [1]
2026-05-31T00:21:18.804+04:00  INFO 26956 --- [cinema-api] [http-nio-8080-exec-5] com.cinema.api.aspect.LoggerAspect       : 2026-05-31 00:21:18 | УСПЕШНОЕ ВЫПОЛНЕНИЕ | AuthService.getProfile() | Результат: com.cinema.api.dto.ProfileRs@e40eded
2026-05-31T00:21:18.808+04:00  INFO 26956 --- [cinema-api] [http-nio-8080-exec-4] com.cinema.api.aspect.LoggerAspect       : 2026-05-31 00:21:18 | ВЫЗОВ МЕТОДА | ProductService.getExpiredProductNames() | Аргументы: []
2026-05-31T00:21:18.815+04:00  INFO 26956 --- [cinema-api] [http-nio-8080-exec-4] com.cinema.api.aspect.LoggerAspect       : 2026-05-31 00:21:18 | УСПЕШНОЕ ВЫПОЛНЕНИЕ | ProductService.getExpiredProductNames() | Результат: [Просто чипсы, Просто чипсы 2, Чипс]
2026-05-31T00:21:18.815+04:00  INFO 26956 --- [cinema-api] [http-nio-8080-exec-4] com.cinema.api.aspect.LoggerAspect       : 2026-05-31 00:21:18 | ВЫЗОВ МЕТОДА | ProductService.getExpiringSoonProductNames() | Аргументы: [3]
2026-05-31T00:21:18.816+04:00  INFO 26956 --- [cinema-api] [http-nio-8080-exec-3] com.cinema.api.aspect.LoggerAspect       : 2026-05-31 00:21:18 | ВЫЗОВ МЕТОДА | AuthService.getProfile() | Аргументы: [1]
2026-05-31T00:21:18.817+04:00  INFO 26956 --- [cinema-api] [http-nio-8080-exec-3] com.cinema.api.aspect.LoggerAspect       : 2026-05-31 00:21:18 | УСПЕШНОЕ ВЫПОЛНЕНИЕ | AuthService.getProfile() | Результат: com.cinema.api.dto.ProfileRs@610d5906
2026-05-31T00:21:18.817+04:00  INFO 26956 --- [cinema-api] [http-nio-8080-exec-4] com.cinema.api.aspect.LoggerAspect       : 2026-05-31 00:21:18 | УСПЕШНОЕ ВЫПОЛНЕНИЕ | ProductService.getExpiringSoonProductNames() | Результат: [Попкорн сладкий]
2026-05-31T00:21:18.818+04:00  INFO 26956 --- [cinema-api] [http-nio-8080-exec-4] com.cinema.api.aspect.LoggerAspect       : 2026-05-31 00:21:18 | ВЫЗОВ МЕТОДА | RemainsService.getLowStockProductNames() | Аргументы: [5]
2026-05-31T00:21:18.826+04:00  INFO 26956 --- [cinema-api] [http-nio-8080-exec-4] com.cinema.api.aspect.LoggerAspect       : 2026-05-31 00:21:18 | УСПЕШНОЕ ВЫПОЛНЕНИЕ | RemainsService.getLowStockProductNames() | Результат: [Минеральная вода (остаток: 1 шт)]
2026-05-31T00:21:18.833+04:00  INFO 26956 --- [cinema-api] [http-nio-8080-exec-1] com.cinema.api.aspect.LoggerAspect       : 2026-05-31 00:21:18 | ВЫЗОВ МЕТОДА | ProductService.getExpiredProductNames() | Аргументы: []
2026-05-31T00:21:18.838+04:00  INFO 26956 --- [cinema-api] [http-nio-8080-exec-1] com.cinema.api.aspect.LoggerAspect       : 2026-05-31 00:21:18 | УСПЕШНОЕ ВЫПОЛНЕНИЕ | ProductService.getExpiredProductNames() | Результат: [Просто чипсы, Просто чипсы 2, Чипс]
2026-05-31T00:21:18.838+04:00  INFO 26956 --- [cinema-api] [http-nio-8080-exec-1] com.cinema.api.aspect.LoggerAspect       : 2026-05-31 00:21:18 | ВЫЗОВ МЕТОДА | ProductService.getExpiringSoonProductNames() | Аргументы: [3]
2026-05-31T00:21:18.841+04:00  INFO 26956 --- [cinema-api] [http-nio-8080-exec-1] com.cinema.api.aspect.LoggerAspect       : 2026-05-31 00:21:18 | УСПЕШНОЕ ВЫПОЛНЕНИЕ | ProductService.getExpiringSoonProductNames() | Результат: [Попкорн сладкий]
2026-05-31T00:21:18.841+04:00  INFO 26956 --- [cinema-api] [http-nio-8080-exec-1] com.cinema.api.aspect.LoggerAspect       : 2026-05-31 00:21:18 | ВЫЗОВ МЕТОДА | RemainsService.getLowStockProductNames() | Аргументы: [5]
2026-05-31T00:21:18.845+04:00  INFO 26956 --- [cinema-api] [http-nio-8080-exec-1] com.cinema.api.aspect.LoggerAspect       : 2026-05-31 00:21:18 | УСПЕШНОЕ ВЫПОЛНЕНИЕ | RemainsService.getLowStockProductNames() | Результат: [Минеральная вода (остаток: 1 шт)]
2026-05-31T00:21:36.285+04:00  INFO 26956 --- [cinema-api] [http-nio-8080-exec-10] com.cinema.api.aspect.LoggerAspect       : 2026-05-31 00:21:36 | ВЫЗОВ МЕТОДА | ProductService.getAll() | Аргументы: [Page request [number: 0, size 10, sort: UNSORTED]]
2026-05-31T00:21:36.288+04:00  INFO 26956 --- [cinema-api] [http-nio-8080-exec-10] com.cinema.api.aspect.LoggerAspect       : 2026-05-31 00:21:36 | УСПЕШНОЕ ВЫПОЛНЕНИЕ | ProductService.getAll() | Результат: Page 1 of 2 containing com.cinema.api.dto.ProductRs instances
2026-05-31T00:21:36.297+04:00  INFO 26956 --- [cinema-api] [http-nio-8080-exec-2] com.cinema.api.aspect.LoggerAspect       : 2026-05-31 00:21:36 | ВЫЗОВ МЕТОДА | ProductService.getAll() | Аргументы: [Page request [number: 0, size 10, sort: UNSORTED]]
2026-05-31T00:21:36.302+04:00  INFO 26956 --- [cinema-api] [http-nio-8080-exec-2] com.cinema.api.aspect.LoggerAspect       : 2026-05-31 00:21:36 | УСПЕШНОЕ ВЫПОЛНЕНИЕ | ProductService.getAll() | Результат: Page 1 of 2 containing com.cinema.api.dto.ProductRs instances
2026-05-31T00:21:37.707+04:00  INFO 26956 --- [cinema-api] [http-nio-8080-exec-6] com.cinema.api.aspect.LoggerAspect       : 2026-05-31 00:21:37 | ВЫЗОВ МЕТОДА | ProductService.getExpiredProductNames() | Аргументы: []
2026-05-31T00:21:37.707+04:00  INFO 26956 --- [cinema-api] [http-nio-8080-exec-9] com.cinema.api.aspect.LoggerAspect       : 2026-05-31 00:21:37 | ВЫЗОВ МЕТОДА | AuthService.getProfile() | Аргументы: [1]
2026-05-31T00:21:37.709+04:00  INFO 26956 --- [cinema-api] [http-nio-8080-exec-9] com.cinema.api.aspect.LoggerAspect       : 2026-05-31 00:21:37 | УСПЕШНОЕ ВЫПОЛНЕНИЕ | AuthService.getProfile() | Результат: com.cinema.api.dto.ProfileRs@1b79bf48
2026-05-31T00:21:37.710+04:00  INFO 26956 --- [cinema-api] [http-nio-8080-exec-6] com.cinema.api.aspect.LoggerAspect       : 2026-05-31 00:21:37 | УСПЕШНОЕ ВЫПОЛНЕНИЕ | ProductService.getExpiredProductNames() | Результат: [Просто чипсы, Просто чипсы 2, Чипс]
2026-05-31T00:21:37.710+04:00  INFO 26956 --- [cinema-api] [http-nio-8080-exec-6] com.cinema.api.aspect.LoggerAspect       : 2026-05-31 00:21:37 | ВЫЗОВ МЕТОДА | ProductService.getExpiringSoonProductNames() | Аргументы: [3]
2026-05-31T00:21:37.715+04:00  INFO 26956 --- [cinema-api] [http-nio-8080-exec-6] com.cinema.api.aspect.LoggerAspect       : 2026-05-31 00:21:37 | УСПЕШНОЕ ВЫПОЛНЕНИЕ | ProductService.getExpiringSoonProductNames() | Результат: [Попкорн сладкий]
2026-05-31T00:21:37.715+04:00  INFO 26956 --- [cinema-api] [http-nio-8080-exec-6] com.cinema.api.aspect.LoggerAspect       : 2026-05-31 00:21:37 | ВЫЗОВ МЕТОДА | RemainsService.getLowStockProductNames() | Аргументы: [5]
2026-05-31T00:21:37.721+04:00  INFO 26956 --- [cinema-api] [http-nio-8080-exec-6] com.cinema.api.aspect.LoggerAspect       : 2026-05-31 00:21:37 | УСПЕШНОЕ ВЫПОЛНЕНИЕ | RemainsService.getLowStockProductNames() | Результат: [Минеральная вода (остаток: 1 шт)]
2026-05-31T00:21:37.723+04:00  INFO 26956 --- [cinema-api] [http-nio-8080-exec-8] com.cinema.api.aspect.LoggerAspect       : 2026-05-31 00:21:37 | ВЫЗОВ МЕТОДА | AuthService.getProfile() | Аргументы: [1]
2026-05-31T00:21:37.726+04:00  INFO 26956 --- [cinema-api] [http-nio-8080-exec-8] com.cinema.api.aspect.LoggerAspect       : 2026-05-31 00:21:37 | УСПЕШНОЕ ВЫПОЛНЕНИЕ | AuthService.getProfile() | Результат: com.cinema.api.dto.ProfileRs@6baedd5e
2026-05-31T00:21:37.730+04:00  INFO 26956 --- [cinema-api] [http-nio-8080-exec-7] com.cinema.api.aspect.LoggerAspect       : 2026-05-31 00:21:37 | ВЫЗОВ МЕТОДА | ProductService.getExpiredProductNames() | Аргументы: []
2026-05-31T00:21:37.731+04:00  INFO 26956 --- [cinema-api] [http-nio-8080-exec-7] com.cinema.api.aspect.LoggerAspect       : 2026-05-31 00:21:37 | УСПЕШНОЕ ВЫПОЛНЕНИЕ | ProductService.getExpiredProductNames() | Результат: [Просто чипсы, Просто чипсы 2, Чипс]
2026-05-31T00:21:37.731+04:00  INFO 26956 --- [cinema-api] [http-nio-8080-exec-7] com.cinema.api.aspect.LoggerAspect       : 2026-05-31 00:21:37 | ВЫЗОВ МЕТОДА | ProductService.getExpiringSoonProductNames() | Аргументы: [3]
2026-05-31T00:21:37.733+04:00  INFO 26956 --- [cinema-api] [http-nio-8080-exec-7] com.cinema.api.aspect.LoggerAspect       : 2026-05-31 00:21:37 | УСПЕШНОЕ ВЫПОЛНЕНИЕ | ProductService.getExpiringSoonProductNames() | Результат: [Попкорн сладкий]
2026-05-31T00:21:37.733+04:00  INFO 26956 --- [cinema-api] [http-nio-8080-exec-7] com.cinema.api.aspect.LoggerAspect       : 2026-05-31 00:21:37 | ВЫЗОВ МЕТОДА | RemainsService.getLowStockProductNames() | Аргументы: [5]
2026-05-31T00:21:37.737+04:00  INFO 26956 --- [cinema-api] [http-nio-8080-exec-7] com.cinema.api.aspect.LoggerAspect       : 2026-05-31 00:21:37 | УСПЕШНОЕ ВЫПОЛНЕНИЕ | RemainsService.getLowStockProductNames() | Результат: [Минеральная вода (остаток: 1 шт)]
2026-05-31T00:26:38.120+04:00  INFO 26956 --- [cinema-api] [http-nio-8080-exec-5] com.cinema.api.aspect.LoggerAspect       : 2026-05-31 00:26:38 | ВЫЗОВ МЕТОДА | ProductService.getExpiredProductNames() | Аргументы: []
2026-05-31T00:26:38.123+04:00  INFO 26956 --- [cinema-api] [http-nio-8080-exec-5] com.cinema.api.aspect.LoggerAspect       : 2026-05-31 00:26:38 | УСПЕШНОЕ ВЫПОЛНЕНИЕ | ProductService.getExpiredProductNames() | Результат: [Просто чипсы, Просто чипсы 2, Чипс]
2026-05-31T00:26:38.124+04:00  INFO 26956 --- [cinema-api] [http-nio-8080-exec-5] com.cinema.api.aspect.LoggerAspect       : 2026-05-31 00:26:38 | ВЫЗОВ МЕТОДА | ProductService.getExpiringSoonProductNames() | Аргументы: [3]
2026-05-31T00:26:38.128+04:00  INFO 26956 --- [cinema-api] [http-nio-8080-exec-5] com.cinema.api.aspect.LoggerAspect       : 2026-05-31 00:26:38 | УСПЕШНОЕ ВЫПОЛНЕНИЕ | ProductService.getExpiringSoonProductNames() | Результат: [Попкорн сладкий]
2026-05-31T00:26:38.129+04:00  INFO 26956 --- [cinema-api] [http-nio-8080-exec-5] com.cinema.api.aspect.LoggerAspect       : 2026-05-31 00:26:38 | ВЫЗОВ МЕТОДА | RemainsService.getLowStockProductNames() | Аргументы: [5]
2026-05-31T00:26:38.134+04:00  INFO 26956 --- [cinema-api] [http-nio-8080-exec-5] com.cinema.api.aspect.LoggerAspect       : 2026-05-31 00:26:38 | УСПЕШНОЕ ВЫПОЛНЕНИЕ | RemainsService.getLowStockProductNames() | Результат: [Минеральная вода (остаток: 1 шт)]
